<?xml version="1.0" encoding="UTF-8"?>
<testng-results skipped="0" failed="1" ignored="0" total="6" passed="5">
  <reporter-output>
  </reporter-output>
  <suite name="Suite" duration-ms="54" started-at="2019-07-14T14:28:46Z" finished-at="2019-07-14T14:28:46Z">
    <groups>
    </groups>
    <test name="tt" duration-ms="54" started-at="2019-07-14T14:28:46Z" finished-at="2019-07-14T14:28:46Z">
      <class name="com.jenkins.TestNg4">
        <test-method status="FAIL" signature="t()[pri:0, instance:com.jenkins.TestNg4@20e2cbe0]" name="t" duration-ms="4" started-at="2019-07-14T14:28:46Z" finished-at="2019-07-14T14:28:46Z">
          <exception class="java.lang.AssertionError">
            <message>
              <![CDATA[expected [true] but found [false]]]>
            </message>
            <full-stacktrace>
              <![CDATA[java.lang.AssertionError: expected [true] but found [false]
at org.testng.Assert.fail(Assert.java:96)
at org.testng.Assert.failNotEquals(Assert.java:776)
at org.testng.Assert.assertTrue(Assert.java:44)
at org.testng.Assert.assertTrue(Assert.java:54)
at com.jenkins.TestNg4.t(TestNg4.java:12)
at sun.reflect.NativeMethodAccessorImpl.invoke0(Native Method)
at sun.reflect.NativeMethodAccessorImpl.invoke(NativeMethodAccessorImpl.java:62)
at sun.reflect.DelegatingMethodAccessorImpl.invoke(DelegatingMethodAccessorImpl.java:43)
at java.lang.reflect.Method.invoke(Method.java:497)
at org.testng.internal.MethodInvocationHelper.invokeMethod(MethodInvocationHelper.java:124)
at org.testng.internal.Invoker.invokeMethod(Invoker.java:583)
at org.testng.internal.Invoker.invokeTestMethod(Invoker.java:719)
at org.testng.internal.Invoker.invokeTestMethods(Invoker.java:989)
at org.testng.internal.TestMethodWorker.invokeTestMethods(TestMethodWorker.java:125)
at org.testng.internal.TestMethodWorker.run(TestMethodWorker.java:109)
at org.testng.TestRunner.privateRun(TestRunner.java:648)
at org.testng.TestRunner.run(TestRunner.java:505)
at org.testng.SuiteRunner.runTest(SuiteRunner.java:455)
at org.testng.SuiteRunner.runSequentially(SuiteRunner.java:450)
at org.testng.SuiteRunner.privateRun(SuiteRunner.java:415)
at org.testng.SuiteRunner.run(SuiteRunner.java:364)
at org.testng.SuiteRunnerWorker.runSuite(SuiteRunnerWorker.java:52)
at org.testng.SuiteRunnerWorker.run(SuiteRunnerWorker.java:84)
at org.testng.TestNG.runSuitesSequentially(TestNG.java:1208)
at org.testng.TestNG.runSuitesLocally(TestNG.java:1137)
at org.testng.TestNG.runSuites(TestNG.java:1049)
at org.testng.TestNG.run(TestNG.java:1017)
at org.testng.remote.AbstractRemoteTestNG.run(AbstractRemoteTestNG.java:115)
at org.testng.remote.RemoteTestNG.initAndRun(RemoteTestNG.java:251)
at org.testng.remote.RemoteTestNG.main(RemoteTestNG.java:77)
]]>
            </full-stacktrace>
          </exception> <!-- java.lang.AssertionError -->
          <reporter-output>
          </reporter-output>
        </test-method> <!-- t -->
      </class> <!-- com.jenkins.TestNg4 -->
      <class name="com.jenkins.TestNg5">
        <test-method status="PASS" signature="t()[pri:0, instance:com.jenkins.TestNg5@68be2bc2]" name="t" duration-ms="2" started-at="2019-07-14T14:28:46Z" finished-at="2019-07-14T14:28:46Z">
          <reporter-output>
          </reporter-output>
        </test-method> <!-- t -->
      </class> <!-- com.jenkins.TestNg5 -->
      <class name="com.jenkins.TestNg6">
        <test-method status="PASS" signature="t()[pri:0, instance:com.jenkins.TestNg6@28feb3fa]" name="t" duration-ms="2" started-at="2019-07-14T14:28:46Z" finished-at="2019-07-14T14:28:46Z">
          <reporter-output>
          </reporter-output>
        </test-method> <!-- t -->
      </class> <!-- com.jenkins.TestNg6 -->
      <class name="com.jenkins.TestNg1">
        <test-method status="PASS" signature="t()[pri:0, instance:com.jenkins.TestNg1@7c16905e]" name="t" duration-ms="10" started-at="2019-07-14T14:28:46Z" finished-at="2019-07-14T14:28:46Z">
          <reporter-output>
          </reporter-output>
        </test-method> <!-- t -->
      </class> <!-- com.jenkins.TestNg1 -->
      <class name="com.jenkins.TestNg2">
        <test-method status="PASS" signature="t()[pri:0, instance:com.jenkins.TestNg2@2a2d45ba]" name="t" duration-ms="2" started-at="2019-07-14T14:28:46Z" finished-at="2019-07-14T14:28:46Z">
          <reporter-output>
          </reporter-output>
        </test-method> <!-- t -->
      </class> <!-- com.jenkins.TestNg2 -->
      <class name="com.jenkins.TestNg3">
        <test-method status="PASS" signature="t()[pri:0, instance:com.jenkins.TestNg3@2a5ca609]" name="t" duration-ms="1" started-at="2019-07-14T14:28:46Z" finished-at="2019-07-14T14:28:46Z">
          <reporter-output>
          </reporter-output>
        </test-method> <!-- t -->
      </class> <!-- com.jenkins.TestNg3 -->
    </test> <!-- tt -->
  </suite> <!-- Suite -->
</testng-results>
